<?xml version="1.0" encoding="UTF-8"?>
<!-- Generated by org.testng.reporters.JUnitXMLReporter -->
<testsuite ignored="0" hostname="LAPTOP-V1I6KK26" failures="0" tests="4" name="Default test" time="78.104" errors="0" timestamp="2023-01-09T15:37:03 CET">
  <testcase classname="testCases.EndToEnd" name="registerUserShoppingPayWithRandomCreditCartDownloadInvoiceVideo" time="23.554"/>
  <testcase classname="testCases.EndToEnd" name="registerWithRandomUserShoppingPrintDocInNewTab" time="13.994"/>
  <testcase classname="testCases.EndToEnd" name="searchProdoctChekOutLikeAQuest" time="14.599"/>
  <testcase classname="testCases.EndToEnd" name="userIsRegisterShoppingAndCheckout" time="16.124"/>
</testsuite> <!-- Default test -->
