<?xml version="1.0" encoding="UTF-8"?>
<!-- Generated by org.testng.reporters.JUnitXMLReporter -->
<testsuite ignored="2" hostname="LAPTOP-V1I6KK26" failures="0" tests="1" name="Default test" time="16.665" errors="0" timestamp="2022-12-20T19:36:44 CET">
  <testcase classname="testCases.EndToEnd" name="searchProdoctChekOutLikeAQuest" time="13.692"/>
  <testcase classname="testCases.EndToEnd" name="userIsRegisterShoppingAndCheckout" time="0.0">
    <ignored/>
  </testcase> <!-- userIsRegisterShoppingAndCheckout -->
  <testcase classname="testCases.EndToEnd" name="registerWithRandomUserShoppingPrintDocInNewTab" time="0.0">
    <ignored/>
  </testcase> <!-- registerWithRandomUserShoppingPrintDocInNewTab -->
</testsuite> <!-- Default test -->
