<?xml version="1.0" encoding="UTF-8"?>
<testng-results ignored="0" total="5" passed="5" failed="0" skipped="0">
  <reporter-output>
  </reporter-output>
  <suite started-at="2022-12-19T17:32:13 CET" name="Default suite" finished-at="2022-12-19T17:32:34 CET" duration-ms="21033">
    <groups>
    </groups>
    <test started-at="2022-12-19T17:32:13 CET" name="Default test" finished-at="2022-12-19T17:32:34 CET" duration-ms="21033">
      <class name="testCases.vezbi.Alerts">
        <test-method is-config="true" signature="testSetup()[pri:0, instance:testCases.vezbi.Alerts@10163d6]" started-at="2022-12-19T17:32:13 CET" name="testSetup" finished-at="2022-12-19T17:32:18 CET" duration-ms="4298" status="PASS">
          <reporter-output>
          </reporter-output>
        </test-method> <!-- testSetup -->
        <test-method signature="jsAlert()[pri:0, instance:testCases.vezbi.Alerts@10163d6]" started-at="2022-12-19T17:32:18 CET" name="jsAlert" finished-at="2022-12-19T17:32:18 CET" duration-ms="148" status="PASS">
          <reporter-output>
          </reporter-output>
        </test-method> <!-- jsAlert -->
        <test-method is-config="true" signature="exit()[pri:0, instance:testCases.vezbi.Alerts@10163d6]" started-at="2022-12-19T17:32:18 CET" name="exit" finished-at="2022-12-19T17:32:18 CET" duration-ms="136" status="PASS">
          <reporter-output>
          </reporter-output>
        </test-method> <!-- exit -->
        <test-method is-config="true" signature="testSetup()[pri:0, instance:testCases.vezbi.Alerts@10163d6]" started-at="2022-12-19T17:32:18 CET" name="testSetup" finished-at="2022-12-19T17:32:21 CET" duration-ms="2981" status="PASS">
          <reporter-output>
          </reporter-output>
        </test-method> <!-- testSetup -->
        <test-method signature="jsConfirm()[pri:0, instance:testCases.vezbi.Alerts@10163d6]" started-at="2022-12-19T17:32:21 CET" name="jsConfirm" finished-at="2022-12-19T17:32:21 CET" duration-ms="95" status="PASS">
          <reporter-output>
          </reporter-output>
        </test-method> <!-- jsConfirm -->
        <test-method is-config="true" signature="exit()[pri:0, instance:testCases.vezbi.Alerts@10163d6]" started-at="2022-12-19T17:32:21 CET" name="exit" finished-at="2022-12-19T17:32:21 CET" duration-ms="133" status="PASS">
          <reporter-output>
          </reporter-output>
        </test-method> <!-- exit -->
        <test-method is-config="true" signature="testSetup()[pri:0, instance:testCases.vezbi.Alerts@10163d6]" started-at="2022-12-19T17:32:21 CET" name="testSetup" finished-at="2022-12-19T17:32:27 CET" duration-ms="5490" status="PASS">
          <reporter-output>
          </reporter-output>
        </test-method> <!-- testSetup -->
        <test-method signature="jsConfirmClickCancel()[pri:0, instance:testCases.vezbi.Alerts@10163d6]" started-at="2022-12-19T17:32:27 CET" name="jsConfirmClickCancel" finished-at="2022-12-19T17:32:27 CET" duration-ms="109" status="PASS">
          <reporter-output>
          </reporter-output>
        </test-method> <!-- jsConfirmClickCancel -->
        <test-method is-config="true" signature="exit()[pri:0, instance:testCases.vezbi.Alerts@10163d6]" started-at="2022-12-19T17:32:27 CET" name="exit" finished-at="2022-12-19T17:32:27 CET" duration-ms="133" status="PASS">
          <reporter-output>
          </reporter-output>
        </test-method> <!-- exit -->
        <test-method is-config="true" signature="testSetup()[pri:0, instance:testCases.vezbi.Alerts@10163d6]" started-at="2022-12-19T17:32:27 CET" name="testSetup" finished-at="2022-12-19T17:32:30 CET" duration-ms="3238" status="PASS">
          <reporter-output>
          </reporter-output>
        </test-method> <!-- testSetup -->
        <test-method signature="jsPrompt()[pri:0, instance:testCases.vezbi.Alerts@10163d6]" started-at="2022-12-19T17:32:30 CET" name="jsPrompt" finished-at="2022-12-19T17:32:30 CET" duration-ms="99" status="PASS">
          <reporter-output>
          </reporter-output>
        </test-method> <!-- jsPrompt -->
        <test-method is-config="true" signature="exit()[pri:0, instance:testCases.vezbi.Alerts@10163d6]" started-at="2022-12-19T17:32:30 CET" name="exit" finished-at="2022-12-19T17:32:30 CET" duration-ms="129" status="PASS">
          <reporter-output>
          </reporter-output>
        </test-method> <!-- exit -->
        <test-method is-config="true" signature="testSetup()[pri:0, instance:testCases.vezbi.Alerts@10163d6]" started-at="2022-12-19T17:32:30 CET" name="testSetup" finished-at="2022-12-19T17:32:34 CET" duration-ms="3765" status="PASS">
          <reporter-output>
          </reporter-output>
        </test-method> <!-- testSetup -->
        <test-method signature="jsPromptClickCancel()[pri:0, instance:testCases.vezbi.Alerts@10163d6]" started-at="2022-12-19T17:32:34 CET" name="jsPromptClickCancel" finished-at="2022-12-19T17:32:34 CET" duration-ms="96" status="PASS">
          <reporter-output>
          </reporter-output>
        </test-method> <!-- jsPromptClickCancel -->
        <test-method is-config="true" signature="exit()[pri:0, instance:testCases.vezbi.Alerts@10163d6]" started-at="2022-12-19T17:32:34 CET" name="exit" finished-at="2022-12-19T17:32:34 CET" duration-ms="147" status="PASS">
          <reporter-output>
          </reporter-output>
        </test-method> <!-- exit -->
      </class> <!-- testCases.vezbi.Alerts -->
    </test> <!-- Default test -->
  </suite> <!-- Default suite -->
</testng-results>
