<?xml version="1.0" encoding="UTF-8"?>
<testng-results ignored="2" total="3" passed="1" failed="0" skipped="0">
  <reporter-output>
  </reporter-output>
  <suite started-at="2022-12-20T19:36:28 CET" name="Default suite" finished-at="2022-12-20T19:36:44 CET" duration-ms="16665">
    <groups>
    </groups>
    <test started-at="2022-12-20T19:36:28 CET" name="Default test" finished-at="2022-12-20T19:36:44 CET" duration-ms="16665">
      <class name="testCases.EndToEnd">
        <test-method is-config="true" signature="start()[pri:0, instance:testCases.EndToEnd@6a84a97d]" started-at="2022-12-20T19:36:28 CET" name="start" finished-at="2022-12-20T19:36:31 CET" duration-ms="2816" status="PASS">
          <reporter-output>
          </reporter-output>
        </test-method> <!-- start -->
        <test-method signature="searchProdoctChekOutLikeAQuest()[pri:0, instance:testCases.EndToEnd@6a84a97d]" started-at="2022-12-20T19:36:31 CET" name="searchProdoctChekOutLikeAQuest" finished-at="2022-12-20T19:36:44 CET" duration-ms="13692" status="PASS">
          <reporter-output>
          </reporter-output>
        </test-method> <!-- searchProdoctChekOutLikeAQuest -->
        <test-method is-config="true" signature="exit()[pri:0, instance:testCases.EndToEnd@6a84a97d]" started-at="2022-12-20T19:36:44 CET" name="exit" finished-at="2022-12-20T19:36:44 CET" duration-ms="131" status="PASS">
          <reporter-output>
          </reporter-output>
        </test-method> <!-- exit -->
      </class> <!-- testCases.EndToEnd -->
    </test> <!-- Default test -->
  </suite> <!-- Default suite -->
</testng-results>
